<?xml version="1.0" encoding="UTF-8"?>
<testng-results ignored="0" total="1" passed="1" failed="0" skipped="0">
  <reporter-output>
  </reporter-output>
  <suite started-at="2022-10-18T22:24:10 JST" name="Default suite" finished-at="2022-10-18T22:26:21 JST" duration-ms="130877">
    <groups>
    </groups>
    <test started-at="2022-10-18T22:24:10 JST" name="Default test" finished-at="2022-10-18T22:26:21 JST" duration-ms="130877">
      <class name="VestedFinanceProject.VestedFinanceProject.TestCaseTest">
        <test-method is-config="true" signature="login()[pri:0, instance:VestedFinanceProject.VestedFinanceProject.TestCaseTest@229c6181]" started-at="2022-10-18T22:24:10 JST" name="login" finished-at="2022-10-18T22:25:00 JST" duration-ms="49636" status="PASS">
          <reporter-output>
          </reporter-output>
        </test-method> <!-- login -->
        <test-method signature="testcase()[pri:0, instance:VestedFinanceProject.VestedFinanceProject.TestCaseTest@229c6181]" started-at="2022-10-18T22:25:00 JST" name="testcase" finished-at="2022-10-18T22:26:21 JST" duration-ms="81093" status="PASS">
          <reporter-output>
          </reporter-output>
        </test-method> <!-- testcase -->
      </class> <!-- VestedFinanceProject.VestedFinanceProject.TestCaseTest -->
    </test> <!-- Default test -->
  </suite> <!-- Default suite -->
</testng-results>
